2026-03-17 16:28:05,995 - INFO - 目录检查通过：./data
2026-03-17 16:28:05,996 - INFO - 开始爬取城市列表：https://www.anjuke.com/sy-city.html
2026-03-17 16:28:06,560 - INFO - ✅ 城市列表保存完成：673 条数据 → ./data/anjuke_city.csv
2026-03-17 16:28:06,562 - INFO - 读取城市列表成功：共 673 个城市
2026-03-17 16:28:06,562 - INFO - 进度文件不存在，使用默认起始索引
2026-03-17 16:28:06,562 - INFO - 本次爬取计划：从第 1 个城市开始，共 673 个城市
2026-03-17 16:28:06,562 - INFO - 
========== 开始爬取：第 1/673 城 → 鞍山 ==========
2026-03-17 16:28:06,563 - INFO - 开始爬取城市：鞍山（拼音：anshan），上限：10条
2026-03-17 16:28:07,191 - WARNING - [鞍山] 第1页解析无结果，可能页面结构变化或暂时无数据，准备重试...
2026-03-17 16:28:07,191 - INFO - [鞍山] 等待 2.79 秒后重试...
2026-03-17 16:28:10,316 - WARNING - [鞍山] 第1页解析无结果，可能页面结构变化或暂时无数据，准备重试...
2026-03-17 16:28:10,317 - INFO - [鞍山] 等待 4.04 秒后重试...
2026-03-17 16:28:14,667 - WARNING - [鞍山] 第1页解析无结果，可能页面结构变化或暂时无数据，准备重试...
2026-03-17 16:28:14,667 - INFO - [鞍山] 第1页多次重试后仍无小区，终止爬取
2026-03-17 16:28:14,667 - INFO - [鞍山] 爬取完成，共获取 0 条有效数据
2026-03-17 16:28:14,667 - WARNING - 鞍山 未爬取到任何数据
2026-03-17 16:28:14,669 - INFO - 目录检查通过：./data
2026-03-17 16:28:14,669 - INFO - 进度已保存：最后爬取索引 0
2026-03-17 16:28:14,669 - INFO - 
========== 开始爬取：第 2/673 城 → 安阳 ==========
2026-03-17 16:28:14,669 - INFO - 开始爬取城市：安阳（拼音：anyang），上限：10条
2026-03-17 16:28:16,499 - INFO - [安阳] 已爬取 1/10 个小区：京林中央公园
2026-03-17 16:28:18,218 - WARNING - 
检测到手动中断（Ctrl+C），开始紧急保存...
2026-03-17 16:28:18,219 - INFO - 暂无未保存的临时数据
2026-03-17 16:28:19,598 - INFO - 城市列表文件已存在，跳过爬取：./data/anjuke_city.csv
2026-03-17 16:28:19,601 - INFO - 读取城市列表成功：共 673 个城市
2026-03-17 16:28:19,601 - INFO - 加载进度成功：最后索引 0，已爬 0 城，失败 0 城
2026-03-17 16:28:19,601 - INFO - 本次爬取计划：从第 1 个城市开始，共 673 个城市
2026-03-17 16:28:19,601 - INFO - 
========== 开始爬取：第 1/673 城 → 鞍山 ==========
2026-03-17 16:28:19,601 - INFO - 开始爬取城市：鞍山（拼音：anshan），上限：10条
2026-03-17 16:28:21,977 - INFO - [鞍山] 已爬取 1/10 个小区：皇冠壹品
2026-03-17 16:28:23,739 - INFO - [鞍山] 已爬取 2/10 个小区：宝居朗庭国际
2026-03-17 16:28:25,344 - INFO - [鞍山] 已爬取 3/10 个小区：万科惠斯勒小镇数据由万科物业提供
2026-03-17 16:28:26,941 - INFO - [鞍山] 已爬取 4/10 个小区：阪芙小镇
2026-03-17 16:28:28,963 - INFO - [鞍山] 已爬取 5/10 个小区：巴黎花园
2026-03-17 16:28:31,185 - INFO - [鞍山] 已爬取 6/10 个小区：东亚第一城(四五期)
2026-03-17 16:28:33,151 - INFO - [鞍山] 已爬取 7/10 个小区：公园1号
2026-03-17 16:28:35,120 - INFO - [鞍山] 已爬取 8/10 个小区：沿海绿色智慧城
2026-03-17 16:28:37,334 - INFO - [鞍山] 已爬取 9/10 个小区：万科金域华府数据由万科物业提供
2026-03-17 16:28:38,672 - INFO - [鞍山] 已爬取 10/10 个小区：上峰景城
2026-03-17 16:28:41,225 - INFO - [鞍山] 爬取完成，共获取 10 条有效数据
2026-03-17 16:28:41,226 - INFO - 目录检查通过：./data
2026-03-17 16:28:41,227 - INFO - 首次创建CSV文件，写入表头
2026-03-17 16:28:41,227 - INFO - 常规写入完成：10 条数据 → ./data/communities_data.csv
2026-03-17 16:28:41,228 - INFO - 目录检查通过：./data
2026-03-17 16:28:41,228 - INFO - 进度已保存：最后爬取索引 0
2026-03-17 16:28:41,228 - INFO - 
========== 开始爬取：第 2/673 城 → 安阳 ==========
2026-03-17 16:28:41,228 - INFO - 开始爬取城市：安阳（拼音：anyang），上限：10条
2026-03-17 16:28:43,781 - INFO - [安阳] 已爬取 1/10 个小区：京林中央公园
2026-03-17 16:28:45,712 - INFO - [安阳] 已爬取 2/10 个小区：安彩嘉园二期
2026-03-17 16:28:47,650 - INFO - [安阳] 已爬取 3/10 个小区：金柏湾
2026-03-17 16:28:49,149 - INFO - [安阳] 已爬取 4/10 个小区：安钢御景园
2026-03-17 16:28:51,329 - INFO - [安阳] 已爬取 5/10 个小区：上城公馆
2026-03-17 16:28:53,307 - INFO - [安阳] 已爬取 6/10 个小区：华城国际
2026-03-17 16:28:54,694 - INFO - [安阳] 已爬取 7/10 个小区：唐韵美城
2026-03-17 16:28:56,354 - INFO - [安阳] 已爬取 8/10 个小区：安阳万达华府
2026-03-17 16:28:57,882 - INFO - [安阳] 已爬取 9/10 个小区：华强城桑堤亚纳(一期)
2026-03-17 16:28:59,623 - INFO - [安阳] 已爬取 10/10 个小区：吉信御翠园
2026-03-17 16:29:04,327 - INFO - [安阳] 爬取完成，共获取 10 条有效数据
2026-03-17 16:29:04,329 - INFO - 目录检查通过：./data
2026-03-17 16:29:04,329 - INFO - 常规写入完成：10 条数据 → ./data/communities_data.csv
2026-03-17 16:29:04,330 - INFO - 目录检查通过：./data
2026-03-17 16:29:04,331 - INFO - 进度已保存：最后爬取索引 1
2026-03-17 16:29:04,331 - INFO - 
========== 开始爬取：第 3/673 城 → 安庆 ==========
2026-03-17 16:29:04,331 - INFO - 开始爬取城市：安庆（拼音：anqing），上限：10条
2026-03-17 16:29:04,954 - WARNING - [安庆] 第1页解析无结果，可能页面结构变化或暂时无数据，准备重试...
2026-03-17 16:29:04,955 - INFO - [安庆] 等待 2.52 秒后重试...
2026-03-17 16:29:07,795 - WARNING - [安庆] 第1页解析无结果，可能页面结构变化或暂时无数据，准备重试...
2026-03-17 16:29:07,796 - INFO - [安庆] 等待 4.55 秒后重试...
2026-03-17 16:29:12,666 - WARNING - [安庆] 第1页解析无结果，可能页面结构变化或暂时无数据，准备重试...
2026-03-17 16:29:12,666 - INFO - [安庆] 第1页多次重试后仍无小区，终止爬取
2026-03-17 16:29:12,666 - INFO - [安庆] 爬取完成，共获取 0 条有效数据
2026-03-17 16:29:12,667 - WARNING - 安庆 未爬取到任何数据
2026-03-17 16:29:12,668 - INFO - 目录检查通过：./data
2026-03-17 16:29:12,669 - INFO - 进度已保存：最后爬取索引 1
2026-03-17 16:29:12,669 - INFO - 
========== 开始爬取：第 4/673 城 → 安康 ==========
2026-03-17 16:29:12,669 - INFO - 开始爬取城市：安康（拼音：ankang），上限：10条
2026-03-17 16:29:14,696 - INFO - [安康] 已爬取 1/10 个小区：仕府大院
2026-03-17 16:29:15,050 - WARNING - 
检测到手动中断（Ctrl+C），开始紧急保存...
2026-03-17 16:29:15,051 - INFO - 暂无未保存的临时数据
